<?xml version="1.0" encoding="UTF-8"?>
<!-- Generated by org.testng.reporters.JUnitXMLReporter -->
<testsuite hostname="DESKTOP-VTBT3RG" ignored="0" name="Surefire test" tests="3" failures="0" timestamp="2023-06-29T09:14:11 IST" time="50.019" errors="0">
  <testcase name="ValidFlightSearch" time="17.717" classname="TestCase.SampleTestCase"/>
  <testcase name="ValidFlightSearch" time="12.782" classname="TestCase.SampleTestCase"/>
  <testcase name="ValidFlightSearch" time="11.756" classname="TestCase.SampleTestCase"/>
</testsuite> <!-- Surefire test -->
