<?xml version="1.0" encoding="UTF-8"?>
<!-- Generated by org.testng.reporters.JUnitXMLReporter -->
<testsuite hostname="DESKTOP-VTBT3RG" ignored="0" name="Default test" tests="3" failures="0" timestamp="2023-07-03T08:37:36 IST" time="48.952" errors="0">
  <testcase name="ValidFlightSearch" time="12.598" classname="TestCase.SampleTestCase"/>
  <testcase name="ValidFlightSearch" time="16.877" classname="TestCase.SampleTestCase"/>
  <testcase name="ValidFlightSearch" time="11.195" classname="TestCase.SampleTestCase"/>
</testsuite> <!-- Default test -->
