<?xml version="1.0" encoding="UTF-8"?>
<!-- Generated by org.testng.reporters.JUnitXMLReporter -->
<testsuite hostname="DESKTOP-VTBT3RG" ignored="0" name="Default test" tests="6" failures="0" timestamp="2023-06-21T09:21:51 IST" time="0.039" errors="0">
  <testcase name="Testcase2" time="0.004" classname="TestNgAnnotation.Firstclass"/>
  <testcase name="Testcase1" time="0.0" classname="TestNgAnnotation.Firstclass"/>
  <testcase name="Testcase1" time="0.001" classname="TestNgAnnotation.Firstclass"/>
  <testcase name="Testcase1" time="0.001" classname="TestNgAnnotation.Firstclass"/>
  <testcase name="Testcase1" time="0.0" classname="TestNgAnnotation.Firstclass"/>
  <testcase name="Testcase3" time="0.0" classname="TestNgAnnotation.Firstclass"/>
</testsuite> <!-- Default test -->
