<?xml version="1.0" encoding="UTF-8"?>
<!-- Generated by org.testng.reporters.JUnitXMLReporter -->
<testsuite hostname="DESKTOP-VTBT3RG" ignored="0" name="ChromeTest" tests="3" failures="0" timestamp="2023-07-05T08:53:55 IST" time="51.218" errors="0">
  <testcase name="ValidFlightSearch" time="10.499" classname="TestCase.SampleTestCase"/>
  <testcase name="ValidFlightSearch" time="12.793" classname="TestCase.SampleTestCase"/>
  <testcase name="ValidFlightSearch" time="12.708" classname="TestCase.SampleTestCase"/>
</testsuite> <!-- ChromeTest -->
