<?xml version="1.0" encoding="UTF-8"?>
<!-- Generated by org.testng.reporters.JUnitXMLReporter -->
<testsuite hostname="DESKTOP-VTBT3RG" ignored="0" name="ChromeTest" tests="3" failures="0" timestamp="2023-07-03T09:20:35 IST" time="38.769" errors="0">
  <testcase name="ValidFlightSearch" time="8.138" classname="TestCase.SampleTestCase"/>
  <testcase name="ValidFlightSearch" time="12.345" classname="TestCase.SampleTestCase"/>
  <testcase name="ValidFlightSearch" time="9.801" classname="TestCase.SampleTestCase"/>
</testsuite> <!-- ChromeTest -->
