<?xml version="1.0" encoding="UTF-8"?>
<!-- Generated by org.testng.reporters.JUnitXMLReporter -->
<testsuite hostname="DESKTOP-VTBT3RG" ignored="0" name="Test" tests="3" failures="0" timestamp="2023-06-28T09:47:30 IST" time="34.46" errors="0">
  <testcase name="ValidFlightSearch" time="7.586" classname="TestCase.SampleTestCase"/>
  <testcase name="ValidFlightSearch" time="10.817" classname="TestCase.SampleTestCase"/>
  <testcase name="ValidFlightSearch" time="8.959" classname="TestCase.SampleTestCase"/>
</testsuite> <!-- Test -->
