<?xml version="1.0" encoding="UTF-8"?>
<testng-results skipped="0" failed="0" ignored="0" total="4" passed="4">
  <reporter-output>
  </reporter-output>
  <suite name="Suite" duration-ms="45" started-at="2023-06-21T09:31:22 IST" finished-at="2023-06-21T09:31:22 IST">
    <groups>
    </groups>
    <test name="Test" duration-ms="45" started-at="2023-06-21T09:31:22 IST" finished-at="2023-06-21T09:31:22 IST">
      <class name="TestNgAnnotation.SecondClass">
        <test-method status="PASS" signature="TestcaseinSecondclass()[pri:0, instance:TestNgAnnotation.SecondClass@544a2ea6]" name="TestcaseinSecondclass" duration-ms="1" started-at="2023-06-21T09:31:22 IST" finished-at="2023-06-21T09:31:22 IST">
          <reporter-output>
          </reporter-output>
        </test-method> <!-- TestcaseinSecondclass -->
        <test-method status="PASS" signature="AfterSuite()[pri:0, instance:TestNgAnnotation.SecondClass@544a2ea6]" name="AfterSuite" is-config="true" duration-ms="0" started-at="2023-06-21T09:31:22 IST" finished-at="2023-06-21T09:31:22 IST">
          <reporter-output>
          </reporter-output>
        </test-method> <!-- AfterSuite -->
      </class> <!-- TestNgAnnotation.SecondClass -->
      <class name="TestNgAnnotation.Firstclass">
        <test-method status="PASS" signature="BeforeSuite()[pri:0, instance:TestNgAnnotation.Firstclass@42607a4f]" name="BeforeSuite" is-config="true" duration-ms="7" started-at="2023-06-21T09:31:22 IST" finished-at="2023-06-21T09:31:22 IST">
          <reporter-output>
          </reporter-output>
        </test-method> <!-- BeforeSuite -->
        <test-method status="PASS" signature="BeforeTest()[pri:0, instance:TestNgAnnotation.Firstclass@42607a4f]" name="BeforeTest" is-config="true" duration-ms="1" started-at="2023-06-21T09:31:22 IST" finished-at="2023-06-21T09:31:22 IST">
          <reporter-output>
          </reporter-output>
        </test-method> <!-- BeforeTest -->
        <test-method status="PASS" signature="Beforeclass()[pri:0, instance:TestNgAnnotation.Firstclass@42607a4f]" name="Beforeclass" is-config="true" duration-ms="0" started-at="2023-06-21T09:31:22 IST" finished-at="2023-06-21T09:31:22 IST">
          <reporter-output>
          </reporter-output>
        </test-method> <!-- Beforeclass -->
        <test-method status="PASS" signature="BeforeMethod()[pri:0, instance:TestNgAnnotation.Firstclass@42607a4f]" name="BeforeMethod" is-config="true" duration-ms="1" started-at="2023-06-21T09:31:22 IST" finished-at="2023-06-21T09:31:22 IST">
          <reporter-output>
          </reporter-output>
        </test-method> <!-- BeforeMethod -->
        <test-method status="PASS" signature="Testcase2()[pri:0, instance:TestNgAnnotation.Firstclass@42607a4f]" name="Testcase2" duration-ms="5" started-at="2023-06-21T09:31:22 IST" finished-at="2023-06-21T09:31:22 IST">
          <reporter-output>
          </reporter-output>
        </test-method> <!-- Testcase2 -->
        <test-method status="PASS" signature="AfterMethod()[pri:0, instance:TestNgAnnotation.Firstclass@42607a4f]" name="AfterMethod" is-config="true" duration-ms="0" started-at="2023-06-21T09:31:22 IST" finished-at="2023-06-21T09:31:22 IST">
          <reporter-output>
          </reporter-output>
        </test-method> <!-- AfterMethod -->
        <test-method status="PASS" signature="Testcase1()[pri:1, instance:TestNgAnnotation.Firstclass@42607a4f]" name="Testcase1" duration-ms="4" started-at="2023-06-21T09:31:22 IST" description="username" finished-at="2023-06-21T09:31:22 IST">
          <reporter-output>
          </reporter-output>
        </test-method> <!-- Testcase1 -->
        <test-method status="PASS" signature="BeforeMethod()[pri:0, instance:TestNgAnnotation.Firstclass@42607a4f]" name="BeforeMethod" is-config="true" duration-ms="0" started-at="2023-06-21T09:31:22 IST" finished-at="2023-06-21T09:31:22 IST">
          <reporter-output>
          </reporter-output>
        </test-method> <!-- BeforeMethod -->
        <test-method status="PASS" signature="AfterMethod()[pri:0, instance:TestNgAnnotation.Firstclass@42607a4f]" name="AfterMethod" is-config="true" duration-ms="0" started-at="2023-06-21T09:31:22 IST" finished-at="2023-06-21T09:31:22 IST">
          <reporter-output>
          </reporter-output>
        </test-method> <!-- AfterMethod -->
        <test-method status="PASS" signature="BeforeMethod()[pri:0, instance:TestNgAnnotation.Firstclass@42607a4f]" name="BeforeMethod" is-config="true" duration-ms="1" started-at="2023-06-21T09:31:22 IST" finished-at="2023-06-21T09:31:22 IST">
          <reporter-output>
          </reporter-output>
        </test-method> <!-- BeforeMethod -->
        <test-method status="PASS" signature="Testcase3()[pri:2, instance:TestNgAnnotation.Firstclass@42607a4f]" name="Testcase3" duration-ms="1" started-at="2023-06-21T09:31:22 IST" finished-at="2023-06-21T09:31:22 IST">
          <reporter-output>
          </reporter-output>
        </test-method> <!-- Testcase3 -->
        <test-method status="PASS" signature="AfterMethod()[pri:0, instance:TestNgAnnotation.Firstclass@42607a4f]" name="AfterMethod" is-config="true" duration-ms="0" started-at="2023-06-21T09:31:22 IST" finished-at="2023-06-21T09:31:22 IST">
          <reporter-output>
          </reporter-output>
        </test-method> <!-- AfterMethod -->
        <test-method status="PASS" signature="Before()[pri:0, instance:TestNgAnnotation.Firstclass@42607a4f]" name="Before" is-config="true" duration-ms="0" started-at="2023-06-21T09:31:22 IST" finished-at="2023-06-21T09:31:22 IST">
          <reporter-output>
          </reporter-output>
        </test-method> <!-- Before -->
        <test-method status="PASS" signature="AfterTest()[pri:0, instance:TestNgAnnotation.Firstclass@42607a4f]" name="AfterTest" is-config="true" duration-ms="0" started-at="2023-06-21T09:31:22 IST" finished-at="2023-06-21T09:31:22 IST">
          <reporter-output>
          </reporter-output>
        </test-method> <!-- AfterTest -->
      </class> <!-- TestNgAnnotation.Firstclass -->
    </test> <!-- Test -->
  </suite> <!-- Suite -->
</testng-results>
