<?xml version="1.0" encoding="UTF-8"?>
<testng-results skipped="0" failed="0" ignored="0" total="3" passed="3">
  <reporter-output>
  </reporter-output>
  <suite name="Suite" duration-ms="34460" started-at="2023-06-28T09:46:56 IST" finished-at="2023-06-28T09:47:30 IST">
    <groups>
    </groups>
    <test name="Test" duration-ms="34460" started-at="2023-06-28T09:46:56 IST" finished-at="2023-06-28T09:47:30 IST">
      <class name="TestCase.SampleTestCase">
        <test-method status="PASS" signature="LaunchTheBrowser()[pri:0, instance:TestCase.SampleTestCase@3578436e]" name="LaunchTheBrowser" is-config="true" duration-ms="3811" started-at="2023-06-28T09:46:52 IST" finished-at="2023-06-28T09:46:56 IST">
          <reporter-output>
          </reporter-output>
        </test-method> <!-- LaunchTheBrowser -->
        <test-method status="PASS" signature="LaunchTheApplicaton()[pri:0, instance:TestCase.SampleTestCase@3578436e]" name="LaunchTheApplicaton" is-config="true" duration-ms="1615" started-at="2023-06-28T09:46:56 IST" finished-at="2023-06-28T09:46:57 IST">
          <reporter-output>
          </reporter-output>
        </test-method> <!-- LaunchTheApplicaton -->
        <test-method status="PASS" signature="deleteAdds()[pri:0, instance:TestCase.SampleTestCase@3578436e]" name="deleteAdds" is-config="true" duration-ms="5233" started-at="2023-06-28T09:46:57 IST" finished-at="2023-06-28T09:47:03 IST">
          <reporter-output>
          </reporter-output>
        </test-method> <!-- deleteAdds -->
        <test-method status="PASS" signature="ValidFlightSearch(java.lang.String,java.lang.String,java.lang.String)[pri:0, instance:TestCase.SampleTestCase@3578436e]" name="ValidFlightSearch" duration-ms="7586" started-at="2023-06-28T09:47:03 IST" data-provider="searchCriteria" finished-at="2023-06-28T09:47:10 IST">
          <params>
            <param index="0">
              <value>
                <![CDATA[MAA]]>
              </value>
            </param>
            <param index="1">
              <value>
                <![CDATA[PNQ]]>
              </value>
            </param>
            <param index="2">
              <value>
                <![CDATA[30]]>
              </value>
            </param>
          </params>
          <reporter-output>
          </reporter-output>
        </test-method> <!-- ValidFlightSearch -->
        <test-method status="PASS" signature="ValidFlightSearch(java.lang.String,java.lang.String,java.lang.String)[pri:0, instance:TestCase.SampleTestCase@3578436e]" name="ValidFlightSearch" duration-ms="10817" started-at="2023-06-28T09:47:10 IST" data-provider="searchCriteria" finished-at="2023-06-28T09:47:21 IST">
          <params>
            <param index="0">
              <value>
                <![CDATA[BOM]]>
              </value>
            </param>
            <param index="1">
              <value>
                <![CDATA[BLR]]>
              </value>
            </param>
            <param index="2">
              <value>
                <![CDATA[30]]>
              </value>
            </param>
          </params>
          <reporter-output>
          </reporter-output>
        </test-method> <!-- ValidFlightSearch -->
        <test-method status="PASS" signature="ValidFlightSearch(java.lang.String,java.lang.String,java.lang.String)[pri:0, instance:TestCase.SampleTestCase@3578436e]" name="ValidFlightSearch" duration-ms="8959" started-at="2023-06-28T09:47:21 IST" data-provider="searchCriteria" finished-at="2023-06-28T09:47:30 IST">
          <params>
            <param index="0">
              <value>
                <![CDATA[DEL]]>
              </value>
            </param>
            <param index="1">
              <value>
                <![CDATA[BKK]]>
              </value>
            </param>
            <param index="2">
              <value>
                <![CDATA[30]]>
              </value>
            </param>
          </params>
          <reporter-output>
          </reporter-output>
        </test-method> <!-- ValidFlightSearch -->
        <test-method status="PASS" signature="TearDown()[pri:0, instance:TestCase.SampleTestCase@3578436e]" name="TearDown" is-config="true" duration-ms="977" started-at="2023-06-28T09:47:30 IST" finished-at="2023-06-28T09:47:31 IST">
          <reporter-output>
          </reporter-output>
        </test-method> <!-- TearDown -->
      </class> <!-- TestCase.SampleTestCase -->
    </test> <!-- Test -->
  </suite> <!-- Suite -->
</testng-results>
